<?xml version="1.0" encoding="UTF-8"?>
<!-- Generated by org.testng.reporters.JUnitReportReporter -->
<testsuite hostname="VincentLaptop" name="br.com.trustsystems.elfinder.service.GoogleDriverVolumeTest" tests="1" failures="0" timestamp="30 Aug 2016 02:53:35 GMT" time="1.296" errors="0">
  <testcase name="listChildrenTest" time="1.296" classname="br.com.trustsystems.elfinder.service.GoogleDriverVolumeTest"/>
</testsuite> <!-- br.com.trustsystems.elfinder.service.GoogleDriverVolumeTest -->
