<?xml version="1.0" encoding="UTF-8"?>
<!-- Generated by org.testng.reporters.JUnitReportReporter -->
<testsuite hostname="VincentLaptop" name="br.com.trustsystems.elfinder.service.GoogleDriveVolumeTest" tests="3" failures="0" timestamp="9 Sep 2016 08:31:49 GMT" time="1.444" errors="0">
  <testcase name="fromPathTest" time="0.300" classname="br.com.trustsystems.elfinder.service.GoogleDriveVolumeTest"/>
  <testcase name="openInputStreamTest" time="0.874" classname="br.com.trustsystems.elfinder.service.GoogleDriveVolumeTest"/>
  <testcase name="getSizeTest" time="0.270" classname="br.com.trustsystems.elfinder.service.GoogleDriveVolumeTest"/>
</testsuite> <!-- br.com.trustsystems.elfinder.service.GoogleDriveVolumeTest -->
