<?xml version="1.0" encoding="UTF-8"?>
<!-- Generated by org.testng.reporters.JUnitReportReporter -->
<testsuite hostname="VincentLaptop" name="br.com.trustsystems.elfinder.service.NIO2FileSystemVolumeTest" tests="2" failures="0" timestamp="30 Aug 2016 02:09:18 GMT" time="0.014" errors="0">
  <testcase name="createFileTest" time="0.012" classname="br.com.trustsystems.elfinder.service.NIO2FileSystemVolumeTest"/>
  <testcase name="deleteFileTest" time="0.002" classname="br.com.trustsystems.elfinder.service.NIO2FileSystemVolumeTest"/>
</testsuite> <!-- br.com.trustsystems.elfinder.service.NIO2FileSystemVolumeTest -->
